#! /opt/iverilog/bin/vvp
:ivl_version "0.9.7 " "(v0_9_7-7-g9b38de5)";
:vpi_time_precision + 0;
:vpi_module "system";
:vpi_module "v2005_math";
:vpi_module "va_math";
S_0x2703e90 .scope module, "main_loop" "main_loop" 2 25;
 .timescale 0 0;
L_0x272d4e0 .functor XOR 32, L_0x272f300, L_0x272f640, C4<00000000000000000000000000000000>, C4<00000000000000000000000000000000>;
L_0x272faa0 .functor XOR 32, L_0x272d4e0, L_0x272f960, C4<00000000000000000000000000000000>, C4<00000000000000000000000000000000>;
L_0x272fba0 .functor AND 32, C4<zzzzzzzzzzzzzzzzzzzzzzzzzzzzzzzz>, C4<zzzzzzzzzzzzzzzzzzzzzzzzzzzzzzzz>, C4<11111111111111111111111111111111>, C4<11111111111111111111111111111111>;
L_0x272fc00 .functor AND 32, C4<zzzzzzzzzzzzzzzzzzzzzzzzzzzzzzzz>, C4<zzzzzzzzzzzzzzzzzzzzzzzzzzzzzzzz>, C4<11111111111111111111111111111111>, C4<11111111111111111111111111111111>;
L_0x272f5e0 .functor XOR 32, L_0x272fba0, L_0x272fc00, C4<00000000000000000000000000000000>, C4<00000000000000000000000000000000>;
L_0x272fe40 .functor AND 32, C4<zzzzzzzzzzzzzzzzzzzzzzzzzzzzzzzz>, C4<zzzzzzzzzzzzzzzzzzzzzzzzzzzzzzzz>, C4<11111111111111111111111111111111>, C4<11111111111111111111111111111111>;
L_0x272ff40 .functor XOR 32, L_0x272f5e0, L_0x272fe40, C4<00000000000000000000000000000000>, C4<00000000000000000000000000000000>;
L_0x27300e0 .functor XOR 32, L_0x27301e0, L_0x2730570, C4<00000000000000000000000000000000>, C4<00000000000000000000000000000000>;
L_0x27307f0 .functor XOR 32, L_0x27300e0, L_0x2730920, C4<00000000000000000000000000000000>, C4<00000000000000000000000000000000>;
L_0x2730ba0 .functor AND 32, C4<zzzzzzzzzzzzzzzzzzzzzzzzzzzzzzzz>, C4<zzzzzzzzzzzzzzzzzzzzzzzzzzzzzzzz>, C4<11111111111111111111111111111111>, C4<11111111111111111111111111111111>;
L_0x2730c60 .functor NOT 32, C4<zzzzzzzzzzzzzzzzzzzzzzzzzzzzzzzz>, C4<00000000000000000000000000000000>, C4<00000000000000000000000000000000>, C4<00000000000000000000000000000000>;
L_0x2730460 .functor AND 32, L_0x2730c60, C4<zzzzzzzzzzzzzzzzzzzzzzzzzzzzzzzz>, C4<11111111111111111111111111111111>, C4<11111111111111111111111111111111>;
L_0x2730c00 .functor XOR 32, L_0x2730ba0, L_0x2730460, C4<00000000000000000000000000000000>, C4<00000000000000000000000000000000>;
v0x2703200_0 .net *"_s1", 1 0, L_0x272f160; 1 drivers
v0x272cec0_0 .net *"_s10", 31 0, L_0x272f640; 1 drivers
v0x272cf60_0 .net *"_s12", 31 0, L_0x272d4e0; 1 drivers
v0x272d000_0 .net *"_s15", 21 0, L_0x272f7d0; 1 drivers
v0x272d0b0_0 .net *"_s17", 9 0, L_0x272f870; 1 drivers
v0x272d150_0 .net *"_s18", 31 0, L_0x272f960; 1 drivers
v0x272d230_0 .net *"_s22", 31 0, L_0x272fba0; 1 drivers
v0x272d2d0_0 .net *"_s24", 31 0, L_0x272fc00; 1 drivers
v0x272d3c0_0 .net *"_s26", 31 0, L_0x272f5e0; 1 drivers
v0x272d460_0 .net *"_s28", 31 0, L_0x272fe40; 1 drivers
v0x272d560_0 .net *"_s3", 29 0, L_0x272f230; 1 drivers
v0x272d600_0 .net *"_s33", 5 0, L_0x2730040; 1 drivers
v0x272d710_0 .net *"_s35", 25 0, L_0x2730140; 1 drivers
v0x272d7b0_0 .net *"_s36", 31 0, L_0x27301e0; 1 drivers
v0x272d8d0_0 .net *"_s39", 10 0, L_0x2730320; 1 drivers
v0x272d970_0 .net *"_s4", 31 0, L_0x272f300; 1 drivers
v0x272d830_0 .net *"_s41", 20 0, L_0x27303c0; 1 drivers
v0x272dac0_0 .net *"_s42", 31 0, L_0x2730570; 1 drivers
v0x272dbe0_0 .net *"_s44", 31 0, L_0x27300e0; 1 drivers
v0x272dc60_0 .net *"_s47", 24 0, L_0x2730750; 1 drivers
v0x272db40_0 .net *"_s49", 6 0, L_0x2730880; 1 drivers
v0x272dd90_0 .net *"_s50", 31 0, L_0x2730920; 1 drivers
v0x272dce0_0 .net *"_s54", 31 0, L_0x2730ba0; 1 drivers
v0x272ded0_0 .net *"_s56", 31 0, L_0x2730c60; 1 drivers
v0x272de30_0 .net *"_s58", 31 0, L_0x2730460; 1 drivers
v0x272e020_0 .net *"_s7", 12 0, L_0x272f440; 1 drivers
v0x272df70_0 .net *"_s9", 18 0, L_0x272f4e0; 1 drivers
v0x272e180_0 .net "a_in", 31 0, C4<zzzzzzzzzzzzzzzzzzzzzzzzzzzzzzzz>; 0 drivers
v0x272e0c0_0 .var "a_out", 31 0;
v0x272e2f0_0 .net "b_in", 31 0, C4<zzzzzzzzzzzzzzzzzzzzzzzzzzzzzzzz>; 0 drivers
v0x272e200_0 .var "b_out", 31 0;
v0x272e470_0 .net "c_in", 31 0, C4<zzzzzzzzzzzzzzzzzzzzzzzzzzzzzzzz>; 0 drivers
v0x272e370_0 .var "c_out", 31 0;
v0x272e600_0 .net "ch", 31 0, L_0x2730c00; 1 drivers
v0x272e4f0_0 .net "clk", 0 0, C4<z>; 0 drivers
v0x272e7a0_0 .net "d_in", 31 0, C4<zzzzzzzzzzzzzzzzzzzzzzzzzzzzzzzz>; 0 drivers
v0x272e680_0 .var "d_out", 31 0;
v0x272e720_0 .net "e_in", 31 0, C4<zzzzzzzzzzzzzzzzzzzzzzzzzzzzzzzz>; 0 drivers
v0x272e960_0 .var "e_out", 31 0;
v0x272e9e0_0 .net "f_in", 31 0, C4<zzzzzzzzzzzzzzzzzzzzzzzzzzzzzzzz>; 0 drivers
v0x272e820_0 .var "f_out", 31 0;
v0x272e8c0_0 .net "g_in", 31 0, C4<zzzzzzzzzzzzzzzzzzzzzzzzzzzzzzzz>; 0 drivers
v0x272ebc0_0 .var "g_out", 31 0;
v0x272ec40_0 .net "h_in", 31 0, C4<zzzzzzzzzzzzzzzzzzzzzzzzzzzzzzzz>; 0 drivers
v0x272ea60_0 .var "h_out", 31 0;
v0x272eb00_0 .net "k", 31 0, C4<zzzzzzzzzzzzzzzzzzzzzzzzzzzzzzzz>; 0 drivers
v0x272ee40_0 .net "maj", 31 0, L_0x272ff40; 1 drivers
v0x272eec0_0 .net "rst", 0 0, C4<z>; 0 drivers
v0x272ece0_0 .net "s0", 31 0, L_0x272faa0; 1 drivers
v0x272ed80_0 .net "s1", 31 0, L_0x27307f0; 1 drivers
v0x272f0e0_0 .net "w", 31 0, C4<zzzzzzzzzzzzzzzzzzzzzzzzzzzzzzzz>; 0 drivers
E_0x2703620 .event posedge, v0x272e4f0_0;
L_0x272f160 .part C4<zzzzzzzzzzzzzzzzzzzzzzzzzzzzzzzz>, 0, 2;
L_0x272f230 .part C4<zzzzzzzzzzzzzzzzzzzzzzzzzzzzzzzz>, 2, 30;
L_0x272f300 .concat [ 30 2 0 0], L_0x272f230, L_0x272f160;
L_0x272f440 .part C4<zzzzzzzzzzzzzzzzzzzzzzzzzzzzzzzz>, 0, 13;
L_0x272f4e0 .part C4<zzzzzzzzzzzzzzzzzzzzzzzzzzzzzzzz>, 13, 19;
L_0x272f640 .concat [ 19 13 0 0], L_0x272f4e0, L_0x272f440;
L_0x272f7d0 .part C4<zzzzzzzzzzzzzzzzzzzzzzzzzzzzzzzz>, 0, 22;
L_0x272f870 .part C4<zzzzzzzzzzzzzzzzzzzzzzzzzzzzzzzz>, 22, 10;
L_0x272f960 .concat [ 10 22 0 0], L_0x272f870, L_0x272f7d0;
L_0x2730040 .part C4<zzzzzzzzzzzzzzzzzzzzzzzzzzzzzzzz>, 0, 6;
L_0x2730140 .part C4<zzzzzzzzzzzzzzzzzzzzzzzzzzzzzzzz>, 6, 26;
L_0x27301e0 .concat [ 26 6 0 0], L_0x2730140, L_0x2730040;
L_0x2730320 .part C4<zzzzzzzzzzzzzzzzzzzzzzzzzzzzzzzz>, 0, 11;
L_0x27303c0 .part C4<zzzzzzzzzzzzzzzzzzzzzzzzzzzzzzzz>, 11, 21;
L_0x2730570 .concat [ 21 11 0 0], L_0x27303c0, L_0x2730320;
L_0x2730750 .part C4<zzzzzzzzzzzzzzzzzzzzzzzzzzzzzzzz>, 0, 25;
L_0x2730880 .part C4<zzzzzzzzzzzzzzzzzzzzzzzzzzzzzzzz>, 25, 7;
L_0x2730920 .concat [ 7 25 0 0], L_0x2730880, L_0x2730750;
    .scope S_0x2703e90;
T_0 ;
    %wait E_0x2703620;
    %load/v 8, v0x272eec0_0, 1;
    %jmp/0xz  T_0.0, 8;
    %set/v v0x272ea60_0, 0, 32;
    %set/v v0x272ebc0_0, 0, 32;
    %set/v v0x272e820_0, 0, 32;
    %set/v v0x272e960_0, 0, 32;
    %set/v v0x272e680_0, 0, 32;
    %set/v v0x272e370_0, 0, 32;
    %set/v v0x272e200_0, 0, 32;
    %set/v v0x272e0c0_0, 0, 32;
    %jmp T_0.1;
T_0.0 ;
    %load/v 8, v0x272e8c0_0, 32;
    %set/v v0x272ea60_0, 8, 32;
    %load/v 8, v0x272e9e0_0, 32;
    %set/v v0x272ebc0_0, 8, 32;
    %load/v 8, v0x272e720_0, 32;
    %set/v v0x272e820_0, 8, 32;
    %load/v 8, v0x272e7a0_0, 32;
    %load/v 40, v0x272ec40_0, 32;
    %add 8, 40, 32;
    %load/v 40, v0x272ed80_0, 32;
    %add 8, 40, 32;
    %load/v 40, v0x272e600_0, 32;
    %add 8, 40, 32;
    %load/v 40, v0x272eb00_0, 32;
    %add 8, 40, 32;
    %load/v 40, v0x272f0e0_0, 32;
    %add 8, 40, 32;
    %set/v v0x272e960_0, 8, 32;
    %load/v 8, v0x272e470_0, 32;
    %set/v v0x272e680_0, 8, 32;
    %load/v 8, v0x272e2f0_0, 32;
    %set/v v0x272e370_0, 8, 32;
    %load/v 8, v0x272e180_0, 32;
    %set/v v0x272e200_0, 8, 32;
    %load/v 8, v0x272ec40_0, 32;
    %load/v 40, v0x272ed80_0, 32;
    %add 8, 40, 32;
    %load/v 40, v0x272e600_0, 32;
    %add 8, 40, 32;
    %load/v 40, v0x272eb00_0, 32;
    %add 8, 40, 32;
    %load/v 40, v0x272f0e0_0, 32;
    %add 8, 40, 32;
    %load/v 40, v0x272ece0_0, 32;
    %add 8, 40, 32;
    %load/v 40, v0x272ee40_0, 32;
    %add 8, 40, 32;
    %set/v v0x272e0c0_0, 8, 32;
T_0.1 ;
    %jmp T_0;
    .thread T_0;
# The file index is used to find the file name in the following table.
:file_names 3;
    "N/A";
    "<interactive>";
    "main_computation.v";
