#! /opt/iverilog/bin/vvp
:ivl_version "0.9.7 " "(v0_9_7-7-g9b38de5)";
:vpi_time_precision + 0;
:vpi_module "system";
:vpi_module "v2005_math";
:vpi_module "va_math";
S_0x16fd1f0 .scope module, "voter" "voter" 2 1;
 .timescale 0 0;
L_0x172ef50 .functor AND 1, C4<z>, C4<z>, C4<1>, C4<1>;
L_0x172f030 .functor AND 1, C4<z>, C4<z>, C4<1>, C4<1>;
L_0x172f110 .functor AND 1, C4<z>, C4<z>, C4<1>, C4<1>;
L_0x172f240 .functor OR 1, L_0x172ef50, L_0x172f030, L_0x172f110, C4<0>;
v0x16fd2e0_0 .net "A", 0 0, C4<z>; 0 drivers
v0x172eb40_0 .net "AB", 0 0, L_0x172ef50; 1 drivers
v0x172ebe0_0 .net "B", 0 0, C4<z>; 0 drivers
v0x172ec80_0 .net "BC", 0 0, L_0x172f030; 1 drivers
v0x172ed30_0 .net "C", 0 0, C4<z>; 0 drivers
v0x172edd0_0 .net "CA", 0 0, L_0x172f110; 1 drivers
v0x172eeb0_0 .net "OUT", 0 0, L_0x172f240; 1 drivers
# The file index is used to find the file name in the following table.
:file_names 3;
    "N/A";
    "<interactive>";
    "parity.v";
