#! /opt/iverilog/bin/vvp
:ivl_version "0.9.7 " "(v0_9_7-7-g9b38de5)";
:vpi_time_precision + 0;
:vpi_module "system";
:vpi_module "v2005_math";
:vpi_module "va_math";
S_0x26c2db0 .scope module, "and_from_nand" "and_from_nand" 2 1;
 .timescale 0 0;
L_0x26f49b0 .functor NAND 1, v0x26f4860_0, v0x26f4900_0, C4<1>, C4<1>;
L_0x26f4ac0 .functor NAND 1, L_0x26f49b0, L_0x26f49b0, C4<1>, C4<1>;
v0x26c2ea0_0 .net "F", 0 0, L_0x26f4ac0; 1 drivers
v0x26f47c0_0 .net "W", 0 0, L_0x26f49b0; 1 drivers
v0x26f4860_0 .var "X", 0 0;
v0x26f4900_0 .var "Y", 0 0;
    .scope S_0x26c2db0;
T_0 ;
    %vpi_call 2 10 "$monitor", "X = %b, Y = %b, F = %b", v0x26f4860_0, v0x26f4900_0, v0x26c2ea0_0;
    %set/v v0x26f4860_0, 0, 1;
    %set/v v0x26f4900_0, 0, 1;
    %delay 1, 0;
    %set/v v0x26f4860_0, 1, 1;
    %delay 1, 0;
    %set/v v0x26f4900_0, 1, 1;
    %delay 1, 0;
    %set/v v0x26f4860_0, 0, 1;
    %delay 1, 0;
    %vpi_call 2 17 "$finish";
    %end;
    .thread T_0;
# The file index is used to find the file name in the following table.
:file_names 3;
    "N/A";
    "<interactive>";
    "mydesign.v";
