#! /opt/iverilog/bin/vvp
:ivl_version "0.9.7 " "(v0_9_7-7-g9b38de5)";
:vpi_time_precision + 0;
:vpi_module "system";
:vpi_module "v2005_math";
:vpi_module "va_math";
S_0x10dc550 .scope module, "voter" "voter" 2 1;
 .timescale 0 0;
L_0x110eaa0 .functor AND 1, C4<z>, C4<z>, C4<1>, C4<1>;
L_0x110eb80 .functor AND 1, C4<z>, C4<z>, C4<1>, C4<1>;
L_0x110ec60 .functor AND 1, C4<z>, C4<z>, C4<1>, C4<1>;
L_0x110ed90 .functor OR 1, L_0x110eaa0, L_0x110eb80, L_0x110ec60, C4<0>;
v0x10dc640_0 .net "A", 0 0, C4<z>; 0 drivers
v0x110e690_0 .net "AB", 0 0, L_0x110eaa0; 1 drivers
v0x110e730_0 .net "B", 0 0, C4<z>; 0 drivers
v0x110e7d0_0 .net "BC", 0 0, L_0x110eb80; 1 drivers
v0x110e880_0 .net "C", 0 0, C4<z>; 0 drivers
v0x110e920_0 .net "CA", 0 0, L_0x110ec60; 1 drivers
v0x110ea00_0 .net "OUT", 0 0, L_0x110ed90; 1 drivers
    .scope S_0x10dc550;
T_0 ;
    %vpi_call 2 17 "$monitor", "A = %b, B = %b, C = %b, OUT = %b", v0x10dc640_0, v0x110e730_0, v0x110e880_0, v0x110ea00_0;
    %end;
    .thread T_0;
# The file index is used to find the file name in the following table.
:file_names 3;
    "N/A";
    "<interactive>";
    "parity.v";
